{"/home/randomral/documents/notes-app/frontend/src/components/Note.jsx": {"path":"/home/randomral/documents/notes-app/frontend/src/components/Note.jsx","statementMap":{"0":{"start":{"line":1,"column":13},"end":{"line":12,"column":1}},"1":{"start":{"line":2,"column":15},"end":{"line":4,"column":20}},"2":{"start":{"line":6,"column":1},"end":{"line":11,"column":2}}},"fnMap":{"0":{"name":"(anonymous_0)","decl":{"start":{"line":1,"column":13},"end":{"line":1,"column":14}},"loc":{"start":{"line":1,"column":45},"end":{"line":12,"column":1}},"line":1}},"branchMap":{"0":{"loc":{"start":{"line":2,"column":15},"end":{"line":4,"column":20}},"type":"cond-expr","locations":[{"start":{"line":3,"column":4},"end":{"line":3,"column":24}},{"start":{"line":4,"column":4},"end":{"line":4,"column":20}}],"line":2}},"s":{"0":1,"1":2,"2":2},"f":{"0":2},"b":{"0":[2,0]},"_coverageSchema":"1a1c01bbd47fc00a2c39e90264f33305004495a9","hash":"75a8bf521b50bc0e5ab96a2c09523edfa1f2c332"}
,"/home/randomral/documents/notes-app/frontend/src/components/NoteForm.jsx": {"path":"/home/randomral/documents/notes-app/frontend/src/components/NoteForm.jsx","statementMap":{"0":{"start":{"line":3,"column":17},"end":{"line":31,"column":1}},"1":{"start":{"line":5,"column":31},"end":{"line":5,"column":43}},"2":{"start":{"line":7,"column":17},"end":{"line":15,"column":2}},"3":{"start":{"line":8,"column":2},"end":{"line":8,"column":24}},"4":{"start":{"line":9,"column":2},"end":{"line":12,"column":4}},"5":{"start":{"line":14,"column":2},"end":{"line":14,"column":16}},"6":{"start":{"line":17,"column":1},"end":{"line":30,"column":2}},"7":{"start":{"line":24,"column":24},"end":{"line":24,"column":54}}},"fnMap":{"0":{"name":"(anonymous_0)","decl":{"start":{"line":3,"column":17},"end":{"line":3,"column":18}},"loc":{"start":{"line":3,"column":37},"end":{"line":31,"column":1}},"line":3},"1":{"name":"(anonymous_1)","decl":{"start":{"line":7,"column":17},"end":{"line":7,"column":18}},"loc":{"start":{"line":7,"column":28},"end":{"line":15,"column":2}},"line":7},"2":{"name":"(anonymous_2)","decl":{"start":{"line":24,"column":15},"end":{"line":24,"column":16}},"loc":{"start":{"line":24,"column":24},"end":{"line":24,"column":54}},"line":24}},"branchMap":{},"s":{"0":1,"1":19,"2":19,"3":1,"4":1,"5":1,"6":19,"7":17},"f":{"0":19,"1":1,"2":17},"b":{},"_coverageSchema":"1a1c01bbd47fc00a2c39e90264f33305004495a9","hash":"3cfbcc34407c5e8c66a5c508ff3e0cea3663bca3"}
,"/home/randomral/documents/notes-app/frontend/src/components/Togglable.jsx": {"path":"/home/randomral/documents/notes-app/frontend/src/components/Togglable.jsx","statementMap":{"0":{"start":{"line":4,"column":18},"end":{"line":31,"column":2}},"1":{"start":{"line":5,"column":31},"end":{"line":5,"column":46}},"2":{"start":{"line":7,"column":25},"end":{"line":7,"column":59}},"3":{"start":{"line":8,"column":25},"end":{"line":8,"column":59}},"4":{"start":{"line":10,"column":26},"end":{"line":12,"column":2}},"5":{"start":{"line":11,"column":2},"end":{"line":11,"column":22}},"6":{"start":{"line":14,"column":1},"end":{"line":18,"column":3}},"7":{"start":{"line":15,"column":2},"end":{"line":17,"column":3}},"8":{"start":{"line":20,"column":1},"end":{"line":30,"column":2}},"9":{"start":{"line":33,"column":0},"end":{"line":35,"column":1}},"10":{"start":{"line":37,"column":0},"end":{"line":37,"column":35}}},"fnMap":{"0":{"name":"(anonymous_0)","decl":{"start":{"line":4,"column":29},"end":{"line":4,"column":30}},"loc":{"start":{"line":4,"column":46},"end":{"line":31,"column":1}},"line":4},"1":{"name":"(anonymous_1)","decl":{"start":{"line":10,"column":26},"end":{"line":10,"column":27}},"loc":{"start":{"line":10,"column":32},"end":{"line":12,"column":2}},"line":10},"2":{"name":"(anonymous_2)","decl":{"start":{"line":14,"column":27},"end":{"line":14,"column":28}},"loc":{"start":{"line":14,"column":33},"end":{"line":18,"column":2}},"line":14}},"branchMap":{"0":{"loc":{"start":{"line":7,"column":36},"end":{"line":7,"column":57}},"type":"cond-expr","locations":[{"start":{"line":7,"column":46},"end":{"line":7,"column":52}},{"start":{"line":7,"column":55},"end":{"line":7,"column":57}}],"line":7},"1":{"loc":{"start":{"line":8,"column":36},"end":{"line":8,"column":57}},"type":"cond-expr","locations":[{"start":{"line":8,"column":46},"end":{"line":8,"column":48}},{"start":{"line":8,"column":51},"end":{"line":8,"column":57}}],"line":8}},"s":{"0":1,"1":7,"2":7,"3":7,"4":7,"5":3,"6":7,"7":0,"8":7,"9":1,"10":1},"f":{"0":7,"1":3,"2":0},"b":{"0":[2,5],"1":[2,5]},"_coverageSchema":"1a1c01bbd47fc00a2c39e90264f33305004495a9","hash":"a110e3bc5361ec53d0e087fa8b1f63f8ec92cc24"}
}
